# JRE version: Java(TM) SE Runtime Environment (8.0_152-b16) (build 1.8.0_152-b16)
# Java VM: Java HotSpot(TM) 64-Bit Server VM (25.152-b16 mixed mode windows-amd64 compressed oops)
Heap:
 PSYoungGen      total 235520K, used 61696K [0x00000000eab00000, 0x0000000100000000, 0x0000000100000000)
  eden space 167936K, 0% used [0x00000000eab00000,0x00000000eab00000,0x00000000f4f00000)
  from space 67584K, 91% used [0x00000000fbe00000,0x00000000ffa40230,0x0000000100000000)
  to   space 90624K, 0% used [0x00000000f4f00000,0x00000000f4f00000,0x00000000fa780000)
 ParOldGen       total 179200K, used 156539K [0x00000000c0000000, 0x00000000caf00000, 0x00000000eab00000)
  object space 179200K, 87% used [0x00000000c0000000,0x00000000c98dec50,0x00000000caf00000)
 Metaspace       used 6722K, capacity 7320K, committed 7680K, reserved 1056768K
  class space    used 639K, capacity 656K, committed 768K, reserved 1048576K
GC Heap History (10 events):
Event: 4.994 GC heap after
Heap after GC invocations=7 (full 0):
 PSYoungGen      total 299008K, used 33782K [0x00000000eab00000, 0x0000000100000000, 0x0000000100000000)
  eden space 265216K, 0% used [0x00000000eab00000,0x00000000eab00000,0x00000000fae00000)
  from space 33792K, 99% used [0x00000000fae00000,0x00000000fcefdb68,0x00000000fcf00000)
  to   space 50176K, 0% used [0x00000000fcf00000,0x00000000fcf00000,0x0000000100000000)
 ParOldGen       total 87552K, used 83138K [0x00000000c0000000, 0x00000000c5580000, 0x00000000eab00000)
  object space 87552K, 94% used [0x00000000c0000000,0x00000000c5130878,0x00000000c5580000)
 Metaspace       used 6703K, capacity 7256K, committed 7424K, reserved 1056768K
  class space    used 639K, capacity 656K, committed 768K, reserved 1048576K
}
Event: 4.994 GC heap before
{Heap before GC invocations=8 (full 1):
 PSYoungGen      total 299008K, used 33782K [0x00000000eab00000, 0x0000000100000000, 0x0000000100000000)
  eden space 265216K, 0% used [0x00000000eab00000,0x00000000eab00000,0x00000000fae00000)
  from space 33792K, 99% used [0x00000000fae00000,0x00000000fcefdb68,0x00000000fcf00000)
  to   space 50176K, 0% used [0x00000000fcf00000,0x00000000fcf00000,0x0000000100000000)
 ParOldGen       total 87552K, used 83138K [0x00000000c0000000, 0x00000000c5580000, 0x00000000eab00000)
  object space 87552K, 94% used [0x00000000c0000000,0x00000000c5130878,0x00000000c5580000)
 Metaspace       used 6703K, capacity 7256K, committed 7424K, reserved 1056768K
  class space    used 639K, capacity 656K, committed 768K, reserved 1048576K
Event: 5.820 GC heap after
Heap after GC invocations=8 (full 1):
 PSYoungGen      total 299008K, used 25502K [0x00000000eab00000, 0x0000000100000000, 0x0000000100000000)
  eden space 265216K, 0% used [0x00000000eab00000,0x00000000eab00000,0x00000000fae00000)
  from space 33792K, 75% used [0x00000000fae00000,0x00000000fc6e7a08,0x00000000fcf00000)
  to   space 50176K, 0% used [0x00000000fcf00000,0x00000000fcf00000,0x0000000100000000)
 ParOldGen       total 179200K, used 87520K [0x00000000c0000000, 0x00000000caf00000, 0x00000000eab00000)
  object space 179200K, 48% used [0x00000000c0000000,0x00000000c55783d0,0x00000000caf00000)
 Metaspace       used 6703K, capacity 7256K, committed 7424K, reserved 1056768K
  class space    used 639K, capacity 656K, committed 768K, reserved 1048576K
}
Event: 7.024 GC heap before
{Heap before GC invocations=9 (full 1):
 PSYoungGen      total 299008K, used 290718K [0x00000000eab00000, 0x0000000100000000, 0x0000000100000000)
  eden space 265216K, 100% used [0x00000000eab00000,0x00000000fae00000,0x00000000fae00000)
  from space 33792K, 75% used [0x00000000fae00000,0x00000000fc6e7a08,0x00000000fcf00000)
  to   space 50176K, 0% used [0x00000000fcf00000,0x00000000fcf00000,0x0000000100000000)
 ParOldGen       total 179200K, used 87520K [0x00000000c0000000, 0x00000000caf00000, 0x00000000eab00000)
  object space 179200K, 48% used [0x00000000c0000000,0x00000000c55783d0,0x00000000caf00000)
 Metaspace       used 6714K, capacity 7256K, committed 7424K, reserved 1056768K
  class space    used 639K, capacity 656K, committed 768K, reserved 1048576K
Event: 7.116 GC heap after
Heap after GC invocations=9 (full 1):
 PSYoungGen      total 264192K, used 50149K [0x00000000eab00000, 0x0000000100000000, 0x0000000100000000)
  eden space 214016K, 0% used [0x00000000eab00000,0x00000000eab00000,0x00000000f7c00000)
  from space 50176K, 99% used [0x00000000fcf00000,0x00000000ffff95d0,0x0000000100000000)
  to   space 67584K, 0% used [0x00000000f7c00000,0x00000000f7c00000,0x00000000fbe00000)
 ParOldGen       total 179200K, used 101847K [0x00000000c0000000, 0x00000000caf00000, 0x00000000eab00000)
  object space 179200K, 56% used [0x00000000c0000000,0x00000000c6375c10,0x00000000caf00000)
 Metaspace       used 6714K, capacity 7256K, committed 7424K, reserved 1056768K
  class space    used 639K, capacity 656K, committed 768K, reserved 1048576K
}
Event: 7.879 GC heap before
{Heap before GC invocations=10 (full 1):
 PSYoungGen      total 264192K, used 264165K [0x00000000eab00000, 0x0000000100000000, 0x0000000100000000)
  eden space 214016K, 100% used [0x00000000eab00000,0x00000000f7c00000,0x00000000f7c00000)
  from space 50176K, 99% used [0x00000000fcf00000,0x00000000ffff95d0,0x0000000100000000)
  to   space 67584K, 0% used [0x00000000f7c00000,0x00000000f7c00000,0x00000000fbe00000)
 ParOldGen       total 179200K, used 101847K [0x00000000c0000000, 0x00000000caf00000, 0x00000000eab00000)
  object space 179200K, 56% used [0x00000000c0000000,0x00000000c6375c10,0x00000000caf00000)
 Metaspace       used 6720K, capacity 7320K, committed 7680K, reserved 1056768K
  class space    used 639K, capacity 656K, committed 768K, reserved 1048576K
Event: 8.002 GC heap after
Heap after GC invocations=10 (full 1):
 PSYoungGen      total 281600K, used 67556K [0x00000000eab00000, 0x0000000100000000, 0x0000000100000000)
  eden space 214016K, 0% used [0x00000000eab00000,0x00000000eab00000,0x00000000f7c00000)
  from space 67584K, 99% used [0x00000000f7c00000,0x00000000fbdf9320,0x00000000fbe00000)
  to   space 67584K, 0% used [0x00000000fbe00000,0x00000000fbe00000,0x0000000100000000)
 ParOldGen       total 179200K, used 117985K [0x00000000c0000000, 0x00000000caf00000, 0x00000000eab00000)
  object space 179200K, 65% used [0x00000000c0000000,0x00000000c7338570,0x00000000caf00000)
 Metaspace       used 6720K, capacity 7320K, committed 7680K, reserved 1056768K
  class space    used 639K, capacity 656K, committed 768K, reserved 1048576K
}
Event: 8.974 GC heap before
{Heap before GC invocations=11 (full 1):
 PSYoungGen      total 281600K, used 281572K [0x00000000eab00000, 0x0000000100000000, 0x0000000100000000)
  eden space 214016K, 100% used [0x00000000eab00000,0x00000000f7c00000,0x00000000f7c00000)
  from space 67584K, 99% used [0x00000000f7c00000,0x00000000fbdf9320,0x00000000fbe00000)
  to   space 67584K, 0% used [0x00000000fbe00000,0x00000000fbe00000,0x0000000100000000)
 ParOldGen       total 179200K, used 117985K [0x00000000c0000000, 0x00000000caf00000, 0x00000000eab00000)
  object space 179200K, 65% used [0x00000000c0000000,0x00000000c7338570,0x00000000caf00000)
 Metaspace       used 6722K, capacity 7320K, committed 7680K, reserved 1056768K
  class space    used 639K, capacity 656K, committed 768K, reserved 1048576K
Event: 9.181 GC heap after
Heap after GC invocations=11 (full 1):
 PSYoungGen      total 235520K, used 61696K [0x00000000eab00000, 0x0000000100000000, 0x0000000100000000)
  eden space 167936K, 0% used [0x00000000eab00000,0x00000000eab00000,0x00000000f4f00000)
  from space 67584K, 91% used [0x00000000fbe00000,0x00000000ffa40230,0x0000000100000000)
  to   space 90624K, 0% used [0x00000000f4f00000,0x00000000f4f00000,0x00000000fa780000)
 ParOldGen       total 179200K, used 156539K [0x00000000c0000000, 0x00000000caf00000, 0x00000000eab00000)
  object space 179200K, 87% used [0x00000000c0000000,0x00000000c98dec50,0x00000000caf00000)
 Metaspace       used 6722K, capacity 7320K, committed 7680K, reserved 1056768K
  class space    used 639K, capacity 656K, committed 768K, reserved 1048576K
}
Event: 9.181 GC heap before
{Heap before GC invocations=12 (full 2):
 PSYoungGen      total 235520K, used 61696K [0x00000000eab00000, 0x0000000100000000, 0x0000000100000000)
  eden space 167936K, 0% used [0x00000000eab00000,0x00000000eab00000,0x00000000f4f00000)
  from space 67584K, 91% used [0x00000000fbe00000,0x00000000ffa40230,0x0000000100000000)
  to   space 90624K, 0% used [0x00000000f4f00000,0x00000000f4f00000,0x00000000fa780000)
 ParOldGen       total 179200K, used 156539K [0x00000000c0000000, 0x00000000caf00000, 0x00000000eab00000)
  object space 179200K, 87% used [0x00000000c0000000,0x00000000c98dec50,0x00000000caf00000)
 Metaspace       used 6722K, capacity 7320K, committed 7680K, reserved 1056768K
  class space    used 639K, capacity 656K, committed 768K, reserved 1048576K

