# JRE version: Java(TM) SE Runtime Environment (8.0_152-b16) (build 1.8.0_152-b16)
# Java VM: Java HotSpot(TM) 64-Bit Server VM (25.152-b16 mixed mode windows-amd64 compressed oops)
Heap:
 PSYoungGen      total 262144K, used 262125K [0x00000000eab00000, 0x0000000100000000, 0x0000000100000000)
  eden space 211968K, 100% used [0x00000000eab00000,0x00000000f7a00000,0x00000000f7a00000)
  from space 50176K, 99% used [0x00000000fcf00000,0x00000000ffffb5d0,0x0000000100000000)
  to   space 68608K, 99% used [0x00000000f7a00000,0x00000000fbcff188,0x00000000fbd00000)
 ParOldGen       total 177152K, used 115989K [0x00000000c0000000, 0x00000000cad00000, 0x00000000eab00000)
  object space 177152K, 65% used [0x00000000c0000000,0x00000000c71454f0,0x00000000cad00000)
 Metaspace       used 6732K, capacity 7320K, committed 7680K, reserved 1056768K
  class space    used 639K, capacity 656K, committed 768K, reserved 1048576K
GC Heap History (10 events):
Event: 2.577 GC heap after
Heap after GC invocations=5 (full 0):
 PSYoungGen      total 138240K, used 5092K [0x00000000eab00000, 0x00000000fef00000, 0x0000000100000000)
  eden space 133120K, 0% used [0x00000000eab00000,0x00000000eab00000,0x00000000f2d00000)
  from space 5120K, 99% used [0x00000000f2d00000,0x00000000f31f9390,0x00000000f3200000)
  to   space 32768K, 0% used [0x00000000fcf00000,0x00000000fcf00000,0x00000000fef00000)
 ParOldGen       total 87552K, used 56981K [0x00000000c0000000, 0x00000000c5580000, 0x00000000eab00000)
  object space 87552K, 65% used [0x00000000c0000000,0x00000000c37a54c8,0x00000000c5580000)
 Metaspace       used 6623K, capacity 7192K, committed 7424K, reserved 1056768K
  class space    used 638K, capacity 656K, committed 768K, reserved 1048576K
}
Event: 3.345 GC heap before
{Heap before GC invocations=6 (full 0):
 PSYoungGen      total 138240K, used 138212K [0x00000000eab00000, 0x00000000fef00000, 0x0000000100000000)
  eden space 133120K, 100% used [0x00000000eab00000,0x00000000f2d00000,0x00000000f2d00000)
  from space 5120K, 99% used [0x00000000f2d00000,0x00000000f31f9390,0x00000000f3200000)
  to   space 32768K, 0% used [0x00000000fcf00000,0x00000000fcf00000,0x00000000fef00000)
 ParOldGen       total 87552K, used 56981K [0x00000000c0000000, 0x00000000c5580000, 0x00000000eab00000)
  object space 87552K, 65% used [0x00000000c0000000,0x00000000c37a54c8,0x00000000c5580000)
 Metaspace       used 6692K, capacity 7256K, committed 7424K, reserved 1056768K
  class space    used 639K, capacity 656K, committed 768K, reserved 1048576K
Event: 3.382 GC heap after
Heap after GC invocations=6 (full 0):
 PSYoungGen      total 297472K, used 23742K [0x00000000eab00000, 0x00000000ff200000, 0x0000000100000000)
  eden space 264704K, 0% used [0x00000000eab00000,0x00000000eab00000,0x00000000fad80000)
  from space 32768K, 72% used [0x00000000fcf00000,0x00000000fe62f8a0,0x00000000fef00000)
  to   space 34304K, 0% used [0x00000000fad80000,0x00000000fad80000,0x00000000fcf00000)
 ParOldGen       total 87552K, used 56981K [0x00000000c0000000, 0x00000000c5580000, 0x00000000eab00000)
  object space 87552K, 65% used [0x00000000c0000000,0x00000000c37a54c8,0x00000000c5580000)
 Metaspace       used 6692K, capacity 7256K, committed 7424K, reserved 1056768K
  class space    used 639K, capacity 656K, committed 768K, reserved 1048576K
}
Event: 4.862 GC heap before
{Heap before GC invocations=7 (full 0):
 PSYoungGen      total 297472K, used 288446K [0x00000000eab00000, 0x00000000ff200000, 0x0000000100000000)
  eden space 264704K, 100% used [0x00000000eab00000,0x00000000fad80000,0x00000000fad80000)
  from space 32768K, 72% used [0x00000000fcf00000,0x00000000fe62f8a0,0x00000000fef00000)
  to   space 34304K, 0% used [0x00000000fad80000,0x00000000fad80000,0x00000000fcf00000)
 ParOldGen       total 87552K, used 56981K [0x00000000c0000000, 0x00000000c5580000, 0x00000000eab00000)
  object space 87552K, 65% used [0x00000000c0000000,0x00000000c37a54c8,0x00000000c5580000)
 Metaspace       used 6724K, capacity 7320K, committed 7680K, reserved 1056768K
  class space    used 639K, capacity 656K, committed 768K, reserved 1048576K
Event: 4.969 GC heap after
Heap after GC invocations=7 (full 0):
 PSYoungGen      total 299008K, used 34299K [0x00000000eab00000, 0x0000000100000000, 0x0000000100000000)
  eden space 264704K, 0% used [0x00000000eab00000,0x00000000eab00000,0x00000000fad80000)
  from space 34304K, 99% used [0x00000000fad80000,0x00000000fcefede0,0x00000000fcf00000)
  to   space 50176K, 0% used [0x00000000fcf00000,0x00000000fcf00000,0x0000000100000000)
 ParOldGen       total 87552K, used 83643K [0x00000000c0000000, 0x00000000c5580000, 0x00000000eab00000)
  object space 87552K, 95% used [0x00000000c0000000,0x00000000c51aee10,0x00000000c5580000)
 Metaspace       used 6724K, capacity 7320K, committed 7680K, reserved 1056768K
  class space    used 639K, capacity 656K, committed 768K, reserved 1048576K
}
Event: 4.969 GC heap before
{Heap before GC invocations=8 (full 1):
 PSYoungGen      total 299008K, used 34299K [0x00000000eab00000, 0x0000000100000000, 0x0000000100000000)
  eden space 264704K, 0% used [0x00000000eab00000,0x00000000eab00000,0x00000000fad80000)
  from space 34304K, 99% used [0x00000000fad80000,0x00000000fcefede0,0x00000000fcf00000)
  to   space 50176K, 0% used [0x00000000fcf00000,0x00000000fcf00000,0x0000000100000000)
 ParOldGen       total 87552K, used 83643K [0x00000000c0000000, 0x00000000c5580000, 0x00000000eab00000)
  object space 87552K, 95% used [0x00000000c0000000,0x00000000c51aee10,0x00000000c5580000)
 Metaspace       used 6724K, capacity 7320K, committed 7680K, reserved 1056768K
  class space    used 639K, capacity 656K, committed 768K, reserved 1048576K
Event: 5.850 GC heap after
Heap after GC invocations=8 (full 1):
 PSYoungGen      total 299008K, used 26537K [0x00000000eab00000, 0x0000000100000000, 0x0000000100000000)
  eden space 264704K, 0% used [0x00000000eab00000,0x00000000eab00000,0x00000000fad80000)
  from space 34304K, 77% used [0x00000000fad80000,0x00000000fc76a458,0x00000000fcf00000)
  to   space 50176K, 0% used [0x00000000fcf00000,0x00000000fcf00000,0x0000000100000000)
 ParOldGen       total 177152K, used 87051K [0x00000000c0000000, 0x00000000cad00000, 0x00000000eab00000)
  object space 177152K, 49% used [0x00000000c0000000,0x00000000c5502e20,0x00000000cad00000)
 Metaspace       used 6724K, capacity 7320K, committed 7680K, reserved 1056768K
  class space    used 639K, capacity 656K, committed 768K, reserved 1048576K
}
Event: 7.002 GC heap before
{Heap before GC invocations=9 (full 1):
 PSYoungGen      total 299008K, used 291241K [0x00000000eab00000, 0x0000000100000000, 0x0000000100000000)
  eden space 264704K, 100% used [0x00000000eab00000,0x00000000fad80000,0x00000000fad80000)
  from space 34304K, 77% used [0x00000000fad80000,0x00000000fc76a458,0x00000000fcf00000)
  to   space 50176K, 0% used [0x00000000fcf00000,0x00000000fcf00000,0x0000000100000000)
 ParOldGen       total 177152K, used 87051K [0x00000000c0000000, 0x00000000cad00000, 0x00000000eab00000)
  object space 177152K, 49% used [0x00000000c0000000,0x00000000c5502e20,0x00000000cad00000)
 Metaspace       used 6726K, capacity 7320K, committed 7680K, reserved 1056768K
  class space    used 639K, capacity 656K, committed 768K, reserved 1048576K
Event: 7.091 GC heap after
Heap after GC invocations=9 (full 1):
 PSYoungGen      total 262144K, used 50157K [0x00000000eab00000, 0x0000000100000000, 0x0000000100000000)
  eden space 211968K, 0% used [0x00000000eab00000,0x00000000eab00000,0x00000000f7a00000)
  from space 50176K, 99% used [0x00000000fcf00000,0x00000000ffffb5d0,0x0000000100000000)
  to   space 68608K, 0% used [0x00000000f7a00000,0x00000000f7a00000,0x00000000fbd00000)
 ParOldGen       total 177152K, used 102751K [0x00000000c0000000, 0x00000000cad00000, 0x00000000eab00000)
  object space 177152K, 58% used [0x00000000c0000000,0x00000000c6457d78,0x00000000cad00000)
 Metaspace       used 6726K, capacity 7320K, committed 7680K, reserved 1056768K
  class space    used 639K, capacity 656K, committed 768K, reserved 1048576K
}
Event: 7.874 GC heap before
{Heap before GC invocations=10 (full 1):
 PSYoungGen      total 262144K, used 262125K [0x00000000eab00000, 0x0000000100000000, 0x0000000100000000)
  eden space 211968K, 100% used [0x00000000eab00000,0x00000000f7a00000,0x00000000f7a00000)
  from space 50176K, 99% used [0x00000000fcf00000,0x00000000ffffb5d0,0x0000000100000000)
  to   space 68608K, 0% used [0x00000000f7a00000,0x00000000f7a00000,0x00000000fbd00000)
 ParOldGen       total 177152K, used 102751K [0x00000000c0000000, 0x00000000cad00000, 0x00000000eab00000)
  object space 177152K, 58% used [0x00000000c0000000,0x00000000c6457d78,0x00000000cad00000)
 Metaspace       used 6732K, capacity 7320K, committed 7680K, reserved 1056768K
  class space    used 639K, capacity 656K, committed 768K, reserved 1048576K

